DEBUG   |180712 16:54:15|Fetching filter data from database
DEBUG   |180712 16:54:15|Loading filters
DEBUG   |180712 16:54:15|-- Loading filter Directories
DEBUG   |180712 16:54:15|-- Loading filter Extradirs
DEBUG   |180712 16:54:15|-- Loading filter Files
DEBUG   |180712 16:54:15|-- Loading filter Incremental
DEBUG   |180712 16:54:15|-- Loading filter Multidb
DEBUG   |180712 16:54:15|-- Loading filter Regexdirectories
DEBUG   |180712 16:54:15|-- Loading filter Regexfiles
DEBUG   |180712 16:54:15|-- Loading filter Regexskipdirs
DEBUG   |180712 16:54:15|-- Loading filter Regexskipfiles
DEBUG   |180712 16:54:15|-- Loading filter Regextabledata
DEBUG   |180712 16:54:15|-- Loading filter Regextables
DEBUG   |180712 16:54:16|-- Loading filter Skipdirs
DEBUG   |180712 16:54:16|-- Loading filter Skipfiles
DEBUG   |180712 16:54:16|-- Loading filter Tabledata
DEBUG   |180712 16:54:16|-- Loading filter Tables
DEBUG   |180712 16:54:16|-- Loading filter Cvsfolders
DEBUG   |180712 16:54:16|-- Loading filter Excludefiles
DEBUG   |180712 16:54:16|-- Loading filter Excludefolders
DEBUG   |180712 16:54:16|-- Loading filter Excludetabledata
DEBUG   |180712 16:54:16|-- Loading filter Joomlaskipdirs
DEBUG   |180712 16:54:16|-- Loading filter Joomlaskipfiles
DEBUG   |180712 16:54:16|-- Loading filter Libraries
DEBUG   |180712 16:54:16|-- Loading filter Sitedb
DEBUG   |180712 16:54:16|-- Loading filter Siteroot
DEBUG   |180712 16:54:16|-- Loading filter Systemcachefiles
DEBUG   |180712 16:54:16|Loading optional filters
DEBUG   |180712 16:54:16|-- Loading optional filter Stack\StackErrorlogs
DEBUG   |180712 16:54:16|-- Loading optional filter Stack\StackHoststats
DEBUG   |180712 16:54:16|-- Loading optional filter Stack\StackFinder
DEBUG   |180712 16:54:16|-- Loading optional filter Stack\StackMyjoomla
